[17:21:43][INFO] 1.15.2-R0.1-SNAPSHOT / git-Paper-183 (MC: 1.15.2)
[17:29:09][INFO] [Timings] All-Populators -> {average=0.04}
[17:29:09][INFO] [Timings] CavePop -> {average=0.0}
[17:29:09][INFO] [Timings] MainGen-chunkData -> {average=0.02}
[17:29:09][INFO] [Timings] Plugin-GetGen -> {average=0.17}
[17:29:09][INFO] [Timings] Plugin-Start -> {average=7.26}
[17:29:09][INFO] [Timings] SchemManager-DownloadAndLoad -> {average=6.09}
[17:29:09][INFO] [Timings] SetSpawner -> {average=0.0}
[17:29:09][INFO] [Timings] StrucPop -> {average=0.0}
[17:29:09][INFO] [Timings] SugarPop -> {average=0.0}
[17:29:09][INFO] [Timings] TreePop -> {average=0.0}
[17:29:09][INFO] [Timings] VillPop -> {average=0.0}
[17:29:09][INFO] [Timings] WDsgPop -> {average=0.0}
[17:29:09][INFO] [Timings] WFixPop -> {average=0.04}
[17:29:09][INFO] [Timings] paste-BIG_OAK_TREE_1 -> {average=0.29}
[17:29:09][INFO] [Timings] paste-BIG_OAK_TREE_2 -> {average=0.6}
[17:29:09][INFO] [Timings] paste-BIG_OAK_TREE_3 -> {average=0.83}
[17:29:09][INFO] [Timings] paste-BIG_OAK_TREE_4 -> {average=0.71}
[17:29:09][INFO] [Timings] paste-CACTUS_1 -> {average=0.28}
[17:29:09][INFO] [Timings] paste-CACTUS_2 -> {average=0.01}
[17:29:09][INFO] [Timings] paste-CACTUS_3 -> {average=0.26}
[17:29:09][INFO] [Timings] paste-CORAL_BLUE_0 -> {average=0.5}
[17:29:09][INFO] [Timings] paste-CORAL_BLUE_1 -> {average=0.53}
[17:29:09][INFO] [Timings] paste-CORAL_BLUE_2 -> {average=0.43}
[17:29:09][INFO] [Timings] paste-CORAL_BLUE_3 -> {average=0.5}
[17:29:09][INFO] [Timings] paste-CORAL_MAGENTA_0 -> {average=0.43}
[17:29:09][INFO] [Timings] paste-CORAL_MAGENTA_1 -> {average=0.47}
[17:29:09][INFO] [Timings] paste-CORAL_MAGENTA_2 -> {average=0.6}
[17:29:09][INFO] [Timings] paste-CORAL_MAGENTA_3 -> {average=0.54}
[17:29:09][INFO] [Timings] paste-CORAL_PINK_0 -> {average=0.49}
[17:29:09][INFO] [Timings] paste-CORAL_PINK_1 -> {average=0.5}
[17:29:09][INFO] [Timings] paste-CORAL_PINK_2 -> {average=0.59}
[17:29:09][INFO] [Timings] paste-CORAL_PINK_3 -> {average=0.44}
[17:29:09][INFO] [Timings] paste-CORAL_RED_0 -> {average=0.51}
[17:29:09][INFO] [Timings] paste-CORAL_RED_1 -> {average=0.53}
[17:29:09][INFO] [Timings] paste-CORAL_RED_2 -> {average=0.56}
[17:29:09][INFO] [Timings] paste-CORAL_RED_3 -> {average=0.42}
[17:29:09][INFO] [Timings] paste-CORAL_YELLOW_0 -> {average=0.49}
[17:29:09][INFO] [Timings] paste-CORAL_YELLOW_1 -> {average=0.42}
[17:29:09][INFO] [Timings] paste-CORAL_YELLOW_2 -> {average=0.47}
[17:29:09][INFO] [Timings] paste-CORAL_YELLOW_3 -> {average=0.55}
[17:29:09][INFO] [Timings] paste-DUNGEON -> {average=1.57}
[17:29:09][INFO] [Timings] paste-JUNGLE_TEMPLE_1 -> {average=2.14}
[17:29:09][INFO] [Timings] paste-JUNGLE_TEMPLE_2 -> {average=1.56}
[17:29:09][INFO] [Timings] paste-JUNGLE_TREE_1 -> {average=1.66}
[17:29:09][INFO] [Timings] paste-JUNGLE_TREE_2 -> {average=1.68}
[17:29:09][INFO] [Timings] paste-JUNGLE_TREE_3 -> {average=1.7}
[17:29:09][INFO] [Timings] paste-JUNGLE_TREE_4 -> {average=1.86}
[17:29:09][INFO] [Timings] paste-JUNGLE_TREE_5 -> {average=1.8}
[17:29:09][INFO] [Timings] paste-JUNGLE_TREE_6 -> {average=1.89}
[17:29:09][INFO] [Timings] paste-OAK_TREE_1 -> {average=1.11}
[17:29:09][INFO] [Timings] paste-OAK_TREE_2 -> {average=0.4}
[17:29:09][INFO] [Timings] paste-OAK_TREE_3 -> {average=0.16}
[17:29:09][INFO] [Timings] paste-OAK_TREE_4 -> {average=0.27}
[17:29:09][INFO] [Timings] paste-OAK_TREE_5 -> {average=0.42}
[17:29:09][INFO] [Timings] paste-SAVANA_TREE_1 -> {average=0.68}
[17:29:09][INFO] [Timings] paste-SAVANA_TREE_2 -> {average=1.02}
[17:29:09][INFO] [Timings] paste-SAVANA_TREE_3 -> {average=0.99}
[17:29:09][INFO] [Timings] paste-SAVANA_TREE_4 -> {average=0.9}
[17:29:09][INFO] [Timings] paste-STRONGHOLD -> {average=0.02}
[17:29:09][INFO] [Timings] paste-SWAMP_TREE_3 -> {average=0.02}
[17:29:09][INFO] [Timings] paste-Schematic -> {average=0.95}
[17:29:09][INFO] [Timings] paste-TAIGA_TREE_1 -> {average=0.32}
[17:29:09][INFO] [Timings] paste-TAIGA_TREE_2 -> {average=0.23}
[17:29:09][INFO] [Timings] paste-TAIGA_TREE_3 -> {average=0.12}
[17:29:09][INFO] [Timings] paste-TAIGA_TREE_4 -> {average=0.33}
[17:29:09][INFO] [Timings] paste-UNDERWATER_TEMPLE_1 -> {average=0.86}
[17:29:09][INFO] [Timings] paste-VILLAGE_HOUSE_1_B -> {average=0.03}
[17:29:09][INFO] [Timings] z-Complete-Time -> {average=51.260006}
